<?xml version="1.0" encoding="UTF-8" standalone="no"?><testsuite errors="0" failures="18" name="Proceso de Casos E2E" skipped="54" tests="72" time="644.81" timestamp="2025-12-11 08:55:11"><testcase name="Flujo E2E exitoso para caso con rol &lt;rol&gt; y evento &lt;tipoEvento&gt;"><failure message="&#10;Expected: an element that is clickable&#10;     but: no matching element found by [Opción San Fernando located with: xpath: //span[@class='slds-truncate' and normalize-space()='San Fernando' and not(ancestor::button)]] was not clickable" type="java.lang.AssertionError">
Expected: an element that is clickable
     but: no matching element found by [Opción San Fernando located with: xpath: //span[@class='slds-truncate' and normalize-space()='San Fernando' and not(ancestor::button)]] was not clickable</failure><system-err>
Expected: an element that is clickable
     but: no matching element found by [Opción San Fernando located with: xpath: //span[@class='slds-truncate' and normalize-space()='San Fernando' and not(ancestor::button)]] was not clickable
com.salesforce.tesa.interactions.HacerClickInteraction.performAs(HacerClickInteraction.java:37)
com.salesforce.tesa.stepdefinitions.CrearCasoStep.creaUnNuevoCaso(CrearCasoStep.java:29)
com.salesforce.tesa.stepdefinitions.CrearCasoStep.casoCreadoEnMeli(CrearCasoStep.java:45)
</system-err></testcase></testsuite>