<?xml version="1.0" encoding="UTF-8" standalone="no"?><testsuite errors="1" failures="0" name="Proceso de Casos E2E" skipped="3" tests="21" time="1035.45" timestamp="2025-12-12 12:56:45"><testcase name="Flujo E2E exitoso para caso con rol &lt;rol&gt; y evento &lt;tipoEvento&gt;"><error message="stale element reference: stale element not found in the current frame&#10;  (Session info: chrome=143.0.7499.40)&#10;For documentation on this error, please visit: https://www.selenium.dev/documentation/webdriver/troubleshooting/errors#stale-element-reference-exception&#10;Build info: version: '4.21.0', revision: '79ed462ef4'&#10;System info: os.name: 'Linux', os.arch: 'amd64', os.version: '6.11.0-1018-azure', java.version: '17.0.17'&#10;Driver info: org.openqa.selenium.chrome.ChromeDriver&#10;Command: [e5b8a8b31e237f6d986f0d17b4a16106, executeScript {script=arguments[0].click();, args=[{element-6066-11e4-a52e-4f735466cecf=f.38EF88F4C7EBCCC8FAF1F86DDE34B129.d.47647EBCA66E08E5A9F37482BD73E311.e.77}]}]&#10;Capabilities {acceptInsecureCerts: false, browserName: chrome, browserVersion: 143.0.7499.40, chrome: {chromedriverVersion: 143.0.7499.40 (c23ff452476d..., userDataDir: /tmp/.org.chromium.Chromium...}, fedcm:accounts: true, goog:chromeOptions: {debuggerAddress: localhost:40181}, goog:processID: 2873, networkConnectionEnabled: false, pageLoadStrategy: normal, platformName: linux, proxy: Proxy(), se:cdp: ws://localhost:40181/devtoo..., se:cdpVersion: 143.0.7499.40, setWindowRect: true, strictFileInteractability: false, timeouts: {implicit: 10000, pageLoad: 60000, script: 30000}, unhandledPromptBehavior: dismiss and notify, webauthn:extension:credBlob: true, webauthn:extension:largeBlob: true, webauthn:extension:minPinLength: true, webauthn:extension:prf: true, webauthn:virtualAuthenticators: true}&#10;Session ID: e5b8a8b31e237f6d986f0d17b4a16106" type="org.openqa.selenium.StaleElementReferenceException">stale element reference: stale element not found in the current frame
  (Session info: chrome=143.0.7499.40)
For documentation on this error, please visit: https://www.selenium.dev/documentation/webdriver/troubleshooting/errors#stale-element-reference-exception
Build info: version: '4.21.0', revision: '79ed462ef4'
System info: os.name: 'Linux', os.arch: 'amd64', os.version: '6.11.0-1018-azure', java.version: '17.0.17'
Driver info: org.openqa.selenium.chrome.ChromeDriver
Command: [e5b8a8b31e237f6d986f0d17b4a16106, executeScript {script=arguments[0].click();, args=[{element-6066-11e4-a52e-4f735466cecf=f.38EF88F4C7EBCCC8FAF1F86DDE34B129.d.47647EBCA66E08E5A9F37482BD73E311.e.77}]}]
Capabilities {acceptInsecureCerts: false, browserName: chrome, browserVersion: 143.0.7499.40, chrome: {chromedriverVersion: 143.0.7499.40 (c23ff452476d..., userDataDir: /tmp/.org.chromium.Chromium...}, fedcm:accounts: true, goog:chromeOptions: {debuggerAddress: localhost:40181}, goog:processID: 2873, networkConnectionEnabled: false, pageLoadStrategy: normal, platformName: linux, proxy: Proxy(), se:cdp: ws://localhost:40181/devtoo..., se:cdpVersion: 143.0.7499.40, setWindowRect: true, strictFileInteractability: false, timeouts: {implicit: 10000, pageLoad: 60000, script: 30000}, unhandledPromptBehavior: dismiss and notify, webauthn:extension:credBlob: true, webauthn:extension:largeBlob: true, webauthn:extension:minPinLength: true, webauthn:extension:prf: true, webauthn:virtualAuthenticators: true}
Session ID: e5b8a8b31e237f6d986f0d17b4a16106</error><system-err>stale element reference: stale element not found in the current frame
  (Session info: chrome=143.0.7499.40)
For documentation on this error, please visit: https://www.selenium.dev/documentation/webdriver/troubleshooting/errors#stale-element-reference-exception
Build info: version: '4.21.0', revision: '79ed462ef4'
System info: os.name: 'Linux', os.arch: 'amd64', os.version: '6.11.0-1018-azure', java.version: '17.0.17'
Driver info: org.openqa.selenium.chrome.ChromeDriver
Command: [e5b8a8b31e237f6d986f0d17b4a16106, executeScript {script=arguments[0].click();, args=[{element-6066-11e4-a52e-4f735466cecf=f.38EF88F4C7EBCCC8FAF1F86DDE34B129.d.47647EBCA66E08E5A9F37482BD73E311.e.77}]}]
Capabilities {acceptInsecureCerts: false, browserName: chrome, browserVersion: 143.0.7499.40, chrome: {chromedriverVersion: 143.0.7499.40 (c23ff452476d..., userDataDir: /tmp/.org.chromium.Chromium...}, fedcm:accounts: true, goog:chromeOptions: {debuggerAddress: localhost:40181}, goog:processID: 2873, networkConnectionEnabled: false, pageLoadStrategy: normal, platformName: linux, proxy: Proxy(), se:cdp: ws://localhost:40181/devtoo..., se:cdpVersion: 143.0.7499.40, setWindowRect: true, strictFileInteractability: false, timeouts: {implicit: 10000, pageLoad: 60000, script: 30000}, unhandledPromptBehavior: dismiss and notify, webauthn:extension:credBlob: true, webauthn:extension:largeBlob: true, webauthn:extension:minPinLength: true, webauthn:extension:prf: true, webauthn:virtualAuthenticators: true}
Session ID: e5b8a8b31e237f6d986f0d17b4a16106
com.salesforce.tesa.interactions.HacerClickInteraction.performAs(HacerClickInteraction.java:37)
com.salesforce.tesa.tasks.CambiarRolTask.performAs(CambiarRolTask.java:44)
com.salesforce.tesa.stepdefinitions.InicioSesionStep.elUsuarioAdminHaIniciaSesionComo(InicioSesionStep.java:34)
com.salesforce.tesa.stepdefinitions.InicioSesionStep.rolIniciaSesion(InicioSesionStep.java:43)
</system-err></testcase></testsuite>