<?xml version="1.0" encoding="UTF-8" standalone="no"?><testsuite errors="0" failures="0" name="Crear Casos a través de MeLi" skipped="1" tests="1" time="0.03" timestamp="2025-12-11 12:57:41"><testcase name="Crear a un caso nuevo a traves de MeLi"><compromised message="Environment 'salesforce.username' property undefined for environment '[]'" type="net.serenitybdd.model.environment.UndefinedEnvironmentVariableException">Environment 'salesforce.username' property undefined for environment '[]'</compromised><system-err>Environment 'salesforce.username' property undefined for environment '[]'
net.serenitybdd.model.environment.EnvironmentSpecificConfiguration.lambda$getProperty$11(EnvironmentSpecificConfiguration.java:196)
net.serenitybdd.model.environment.EnvironmentSpecificConfiguration.getProperty(EnvironmentSpecificConfiguration.java:192)
com.salesforce.tesa.utils.Users.getUsername(Users.java:18)
com.salesforce.tesa.tasks.InicioSesionTask.performAs(InicioSesionTask.java:30)
com.salesforce.tesa.stepdefinitions.InicioSesionStep.elUsuarioAdminHaIniciaSesion(InicioSesionStep.java:24)
com.salesforce.tesa.stepdefinitions.InicioSesionStep.rolIniciaSesion(InicioSesionStep.java:41)
✽.que el rol "Legal Ops Operaciones" ha iniciado sesión en MeLi(classpath:features/MeLi/caso.feature:5)
</system-err></testcase></testsuite>